"../../../Engine/Content/Animation/DefaultAnimCurveCompressionSettings.uasset" 0
"../../../Engine/Content/ArtTools/RenderToTexture/Enums/RenderToTexture_Enum.uasset" 1
"../../../Engine/Content/ArtTools/RenderToTexture/Enums/RenderToTexture_Flipbook_Enum.uasset" 2
"../../../Engine/Content/ArtTools/RenderToTexture/Enums/RenderToTexture_Imposter_Enum.uasset" 3
"../../../Engine/Content/EditorBlueprintResources/StandardMacros.uasset" 4
"../../../Engine/Content/ArtTools/RenderToTexture/Enums/EIntTypes.uasset" 5
"../../../Engine/Content/ArtTools/RenderToTexture/Macros/RenderToTextureFunctionLibrary.uasset" 6
"../../../Engine/Content/ArtTools/RenderToTexture/Enums/EFloatTypes.uasset" 7
"../../../Engine/Content/ArtTools/RenderToTexture/Macros/RenderToTextureMacros.uasset" 8
"../../../Engine/Content/Functions/Engine_MaterialFunctions01/Opacity/CameraDepthFade.uasset" 9
"../../../Engine/Content/EngineMaterials/T_Default_Material_Grid_M.uasset" 10
"../../../Engine/Content/EngineMaterials/T_Default_Material_Grid_N.uasset" 11
"../../../Engine/Content/EngineMaterials/WorldGridMaterial.uasset" 12
"../../../Engine/Content/ArtTools/RenderToTexture/Meshes/S_1_Unit_Plane.uasset" 13
"../../../Engine/Content/EngineMaterials/DefaultMaterial.uasset" 14
"../../../Engine/Content/BasicShapes/Cone.uasset" 15
"../../../Engine/Content/BasicShapes/Cube.uasset" 16
"../../../Engine/Content/BasicShapes/Cylinder.uasset" 17
"../../../Engine/Content/BasicShapes/Plane.uasset" 18
"../../../Engine/Content/EngineMaterials/DefaultPhysicalMaterial.uasset" 19
"../../../Engine/Content/BufferVisualization/AmbientOcclusion.uasset" 20
"../../../Engine/Content/BufferVisualization/BaseColor.uasset" 21
"../../../Engine/Content/BufferVisualization/CustomDepth.uasset" 22
"../../../Engine/Content/Functions/Engine_MaterialFunctions02/Utility/VectorLength.uasset" 23
"../../../Engine/Content/BufferVisualization/CustomDepthWorldUnits.uasset" 24
"../../../Engine/Content/Functions/Engine_MaterialFunctions02/Utility/BreakOutFloat2Components.uasset" 25
"../../../Engine/Content/Functions/Engine_MaterialFunctions01/Texturing/ScaleUVsByCenter.uasset" 26
"../../../Engine/Content/Functions/Engine_MaterialFunctions02/ScreenResolution.uasset" 27
"../../../Engine/Content/Functions/Engine_MaterialFunctions02/Texturing/ScreenAlignedUVs.uasset" 28
"../../../Engine/Content/Functions/Engine_MaterialFunctions02/Utility/MakeFloat2.uasset" 29
"../../../Engine/Content/Functions/Engine_MaterialFunctions02/Utility/MakeFloat3.uasset" 30
"../../../Engine/Content/EngineMaterials/MiniFont.uasset" 31
"../../../Engine/Content/BufferVisualization/CustomStencil.uasset" 32
"../../../Engine/Content/BufferVisualization/FinalImage.uasset" 33
"../../../Engine/Content/BufferVisualization/LightingModel.uasset" 34
"../../../Engine/Content/BufferVisualization/MaterialAO.uasset" 35
"../../../Engine/Content/BufferVisualization/Metallic.uasset" 36
"../../../Engine/Content/BufferVisualization/Opacity.uasset" 37
"../../../Engine/Content/BufferVisualization/PostTonemapHDRColor.uasset" 38
"../../../Engine/Content/BufferVisualization/PreTonemapHDRColor.uasset" 39
"../../../Engine/Content/BufferVisualization/Roughness.uasset" 40
"../../../Engine/Content/BufferVisualization/SceneColor.uasset" 41
"../../../Engine/Content/BufferVisualization/SceneDepth.uasset" 42
"../../../Engine/Content/BufferVisualization/SceneDepthWorldUnits.uasset" 43
"../../../Engine/Content/BufferVisualization/SeparateTranslucencyA.uasset" 44
"../../../Engine/Content/BufferVisualization/SeparateTranslucencyRGB.uasset" 45
"../../../Engine/Content/BufferVisualization/Specular.uasset" 46
"../../../Engine/Content/BufferVisualization/SubsurfaceColor.uasset" 47
"../../../Engine/Content/BufferVisualization/Velocity.uasset" 48
"../../../Engine/Content/BufferVisualization/WorldNormal.uasset" 49
"../../../Engine/Content/EditorLandscapeResources/DataLayer.uasset" 50
"../../../Engine/Content/EditorLandscapeResources/DefaultAlphaTexture.uasset" 51
"../../../Engine/Content/EditorLandscapeResources/LandscapeGizmoHeight_Mat.uasset" 52
"../../../Engine/Content/EditorLandscapeResources/LandscapeGizmo_Mat.uasset" 53
"../../../Engine/Content/EditorLandscapeResources/LandscapeGizmo_Mat_Copied.uasset" 54
"../../../Engine/Content/EditorLandscapeResources/SplineEditorMeshMat.uasset" 55
"../../../Engine/Content/EditorLandscapeResources/SplineEditorMesh.uasset" 56
"../../../Engine/Content/EditorMaterials/Cross.uasset" 57
"../../../Engine/Content/EditorMaterials/Cross_Mat.uasset" 58
"../../../Engine/Content/EditorMaterials/GizmoMaterial.uasset" 59
"../../../Engine/Content/Functions/Engine_MaterialFunctions02/ExampleContent/Textures/flipbook.uasset" 60
"../../../Engine/Content/Functions/Engine_MaterialFunctions02/Texturing/FlipBook.uasset" 61
"../../../Engine/Content/Functions/Engine_MaterialFunctions02/Utility/Sign.uasset" 62
"../../../Engine/Content/Functions/Engine_MaterialFunctions02/Utility/Round.uasset" 63
"../../../Engine/Content/EditorResources/T_EditorHelp.uasset" 64
"../../../Engine/Content/EditorMaterials/HelpActorMaterial.uasset" 65
"../../../Engine/Content/EditorMaterials/CompositeARGBLayer.uasset" 66
"../../../Engine/Content/EditorMaterials/TilingAALineIntegral.uasset" 67
"../../../Engine/Content/EditorMaterials/TilingAALineBoxFiltered.uasset" 68
"../../../Engine/Content/Functions/Engine_MaterialFunctions03/Procedurals/ComputeFilterWidth.uasset" 69
"../../../Engine/Content/EditorMaterials/TilingAADots.uasset" 70
"../../../Engine/Content/EngineMaterials/BlendFunc_DefBase.uasset" 71
"../../../Engine/Content/EngineMaterials/BlendFunc_DefBlend.uasset" 72
"../../../Engine/Content/Functions/Engine_MaterialFunctions03/Blends/Blend_Screen.uasset" 73
"../../../Engine/Content/EditorMaterials/TilingAAGrid.uasset" 74
"../../../Engine/Content/EditorMaterials/LevelGridMaterial.uasset" 75
"../../../Engine/Content/EditorMaterials/MakeCompositeARGBLayer.uasset" 76
"../../../Engine/Content/EditorResources/LevelGrid1DStripes.uasset" 77
"../../../Engine/Content/EditorMaterials/TextureGridCascaded1D.uasset" 78
"../../../Engine/Content/EditorMaterials/TextureGridCascaded2D.uasset" 79
"../../../Engine/Content/EditorMaterials/LevelGridMaterial2.uasset" 80
"../../../Engine/Content/EditorMaterials/MAT_Groups_Toggle.uasset" 81
"../../../Engine/Content/EditorMaterials/MAT_Groups_Visibility.uasset" 82
"../../../Engine/Content/EditorMaterials/AntialiasedGridFloor.uasset" 83
"../../../Engine/Content/EditorResources/TilePatine_D.uasset" 84
"../../../Engine/Content/EditorResources/TilePatine_N.uasset" 85
"../../../Engine/Content/EngineMaterials/Grid.uasset" 86
"../../../Engine/Content/EditorMaterials/PersonaFloorMat.uasset" 87
"../../../Engine/Content/EditorMaterials/PhAT_BoneSelectedMaterial.uasset" 88
"../../../Engine/Content/EditorMaterials/PhAT_ElemSelectedMaterial.uasset" 89
"../../../Engine/Content/EditorMaterials/PhAT_NoCollisionMaterial.uasset" 90
"../../../Engine/Content/EditorMaterials/PhAT_UnselectedMaterial.uasset" 91
"../../../Engine/Content/EditorMaterials/PreviewShadowIndicator.uasset" 92
"../../../Engine/Content/EditorMaterials/PreviewShadowIndicatorMaterial.uasset" 93
"../../../Engine/Content/EditorMaterials/TargetIcon.uasset" 94
"../../../Engine/Content/EditorMaterials/Tick.uasset" 95
"../../../Engine/Content/EditorMaterials/Tick_Mat.uasset" 96
"../../../Engine/Content/EditorMaterials/WidgetGridVertexColorMaterial.uasset" 97
"../../../Engine/Content/EditorMaterials/WidgetGridVertexColorMaterial_Ma.uasset" 98
"../../../Engine/Content/EditorMaterials/WidgetMaterial.uasset" 99
"../../../Engine/Content/EditorMaterials/WidgetMaterial_Current.uasset" 100
"../../../Engine/Content/EditorMaterials/WidgetMaterial_X.uasset" 101
"../../../Engine/Content/EditorMaterials/WidgetMaterial_Y.uasset" 102
"../../../Engine/Content/EditorMaterials/WidgetMaterial_Z.uasset" 103
"../../../Engine/Content/EditorMaterials/WidgetVertexColorMaterial.uasset" 104
"../../../Engine/Content/EditorMaterials/MatineeGroups/MAT_ColorTrack.uasset" 105
"../../../Engine/Content/EditorMaterials/MatineeGroups/MAT_Groups_Anim.uasset" 106
"../../../Engine/Content/EditorMaterials/MatineeGroups/MAT_Groups_AudioMaster.uasset" 107
"../../../Engine/Content/EditorMaterials/MatineeGroups/MAT_Groups_Director.uasset" 108
"../../../Engine/Content/EditorMaterials/MatineeGroups/MAT_Groups_Event.uasset" 109
"../../../Engine/Content/EditorMaterials/MatineeGroups/MAT_Groups_Fade.uasset" 110
"../../../Engine/Content/EditorMaterials/MatineeGroups/MAT_Groups_Float.uasset" 111
"../../../Engine/Content/EditorMaterials/MatineeGroups/MAT_Groups_Move.uasset" 112
"../../../Engine/Content/EditorMaterials/MatineeGroups/MAT_Groups_Slomo.uasset" 113
"../../../Engine/Content/EditorMaterials/MatineeGroups/MAT_Groups_Sound.uasset" 114
"../../../Engine/Content/EditorMaterials/MatineeGroups/MAT_Groups_Vector.uasset" 115
"../../../Engine/Content/EditorMaterials/ParticleSystems/PSysThumbnail_NoImage.uasset" 116
"../../../Engine/Content/EditorMaterials/ParticleSystems/PSysThumbnail_OOD.uasset" 117
"../../../Engine/Content/EditorMaterials/Thumbnails/FloorPlaneMaterial.uasset" 118
"../../../Engine/Content/EditorMeshes/EditorCube.uasset" 119
"../../../Engine/Content/EditorMeshes/EditorCylinder.uasset" 120
"../../../Engine/Content/EditorMeshes/EditorPlane.uasset" 121
"../../../Engine/Content/EditorMaterials/Thumbnails/SkySphereMaterial.uasset" 122
"../../../Engine/Content/EditorMeshes/EditorSkySphere.uasset" 123
"../../../Engine/Content/EditorMeshes/EditorSphere.uasset" 124
"../../../Engine/Content/EditorResources/MatineeCam_D.uasset" 125
"../../../Engine/Content/EditorMaterials/MatineeCam_mat.uasset" 126
"../../../Engine/Content/EditorMeshes/MatineeCam_SM.uasset" 127
"../../../Engine/Content/Functions/Engine_MaterialFunctions01/Shading/ConvertFromDiffSpec.uasset" 128
"../../../Engine/Content/EditorMaterials/GridMaterial.uasset" 129
"../../../Engine/Content/EditorMeshes/PhAT_FloorBox.uasset" 130
"../../../Engine/Content/EditorMeshes/PlanarReflectionPlane.uasset" 131
"../../../Engine/Content/EditorMaterials/Camera/CineMat.uasset" 132
"../../../Engine/Content/EditorMaterials/Camera/MI_CineMat_CameraBody.uasset" 133
"../../../Engine/Content/EngineDebugMaterials/M_SimpleOpaque.uasset" 134
"../../../Engine/Content/EditorMaterials/Camera/MI_CineMat_CamViewFinder.uasset" 135
"../../../Engine/Content/EditorMeshes/Camera/SM_CineCam.uasset" 136
"../../../Engine/Content/EditorMaterials/Camera/MI_CineMat_Rig.uasset" 137
"../../../Engine/Content/EditorMeshes/Camera/SM_CraneRig_Arm.uasset" 138
"../../../Engine/Content/EditorMeshes/Camera/SM_CraneRig_Base.uasset" 139
"../../../Engine/Content/EditorMeshes/Camera/SM_CraneRig_Body.uasset" 140
"../../../Engine/Content/EditorMeshes/Camera/SM_CraneRig_Mount.uasset" 141
"../../../Engine/Content/EditorMeshes/Camera/SM_RailRig_Mount.uasset" 142
"../../../Engine/Content/EditorMeshes/Camera/SM_RailRig_Track.uasset" 143
"../../../Engine/Content/EditorMeshes/ColorCalibrator/M_ChromeBall.uasset" 144
"../../../Engine/Content/EditorResources/Bad.uasset" 145
"../../../Engine/Content/EditorResources/BSPVertex.uasset" 146
"../../../Engine/Content/EditorResources/EmptyActor.uasset" 147
"../../../Engine/Content/EditorResources/MatInstActSprite.uasset" 148
"../../../Engine/Content/EditorResources/SceneManager.uasset" 149
"../../../Engine/Content/EditorResources/SmallFont.uasset" 150
"../../../Engine/Content/EditorResources/S_Actor.uasset" 151
"../../../Engine/Content/EditorResources/S_DecalActorIcon.uasset" 152
"../../../Engine/Content/EditorResources/S_Emitter.uasset" 153
"../../../Engine/Content/EditorResources/S_ExpoHeightFog.uasset" 154
"../../../Engine/Content/EditorResources/S_FTest.uasset" 155
"../../../Engine/Content/EditorResources/S_KBSJoint.uasset" 156
"../../../Engine/Content/EditorResources/S_KHinge.uasset" 157
"../../../Engine/Content/EditorResources/S_KPrismatic.uasset" 158
"../../../Engine/Content/EditorResources/S_LevelSequence.uasset" 159
"../../../Engine/Content/EditorResources/S_NavP.uasset" 160
"../../../Engine/Content/EditorResources/S_Note.uasset" 161
"../../../Engine/Content/EditorResources/S_Player.uasset" 162
"../../../Engine/Content/EditorResources/S_PortalActorIcon2.uasset" 163
"../../../Engine/Content/EditorResources/S_RadForce.uasset" 164
"../../../Engine/Content/EditorResources/S_ReflActorIcon.uasset" 165
"../../../Engine/Content/EditorResources/S_Terrain.uasset" 166
"../../../Engine/Content/EditorResources/S_TextRenderActorIcon.uasset" 167
"../../../Engine/Content/EditorResources/S_Thruster.uasset" 168
"../../../Engine/Content/EditorResources/S_Trigger.uasset" 169
"../../../Engine/Content/EditorResources/S_VectorFieldVol.uasset" 170
"../../../Engine/Content/EditorResources/S_WindDirectional.uasset" 171
"../../../Engine/Content/EditorResources/AI/S_NavLink.uasset" 172
"../../../Engine/Content/EditorResources/LightIcons/SkyLight.uasset" 173
"../../../Engine/Content/EditorResources/LightIcons/S_LightDirectional.uasset" 174
"../../../Engine/Content/EditorResources/LightIcons/S_LightDirectionalMove.uasset" 175
"../../../Engine/Content/EditorResources/LightIcons/S_LightError.uasset" 176
"../../../Engine/Content/EditorResources/LightIcons/S_LightPoint.uasset" 177
"../../../Engine/Content/EditorResources/LightIcons/S_LightPointMove.uasset" 178
"../../../Engine/Content/EditorResources/LightIcons/S_LightSpot.uasset" 179
"../../../Engine/Content/EditorResources/LightIcons/S_LightSpotMove.uasset" 180
"../../../Engine/Content/EditorResources/SequenceRecorder/Countdown.uasset" 181
"../../../Engine/Content/EditorResources/SequenceRecorder/RecordingIndicator.uasset" 182
"../../../Engine/Content/EditorResources/Spline/T_Loft_Spline.uasset" 183
"../../../Engine/Content/EditorSounds/Notifications/CompileFailed.uasset" 184
"../../../Engine/Content/EditorSounds/Notifications/CompileFailed_Cue.uasset" 185
"../../../Engine/Content/EditorSounds/Notifications/CompileSuccess.uasset" 186
"../../../Engine/Content/EditorSounds/Notifications/CompileStart_Cue.uasset" 187
"../../../Engine/Content/EditorSounds/Notifications/CompileSuccess_Cue.uasset" 188
"../../../Engine/Content/EngineDamageTypes/DmgTypeBP_Environmental.uasset" 189
"../../../Engine/Content/EngineDebugMaterials/HeatmapGradient.uasset" 190
"../../../Engine/Content/EngineDebugMaterials/BoneWeightMaterial.uasset" 191
"../../../Engine/Content/EngineDebugMaterials/ClothMaterial.uasset" 192
"../../../Engine/Content/EngineDebugMaterials/ClothMaterial_WF.uasset" 193
"../../../Engine/Content/EngineDebugMaterials/DebugEditorMaterial.uasset" 194
"../../../Engine/Content/EngineDebugMaterials/DebugMeshMaterial.uasset" 195
"../../../Engine/Content/EngineDebugMaterials/GeomMaterial.uasset" 196
"../../../Engine/Content/EngineDebugMaterials/LevelColorationLitMaterial.uasset" 197
"../../../Engine/Content/EngineDebugMaterials/LevelColorationUnlitMaterial.uasset" 198
"../../../Engine/Content/EngineMaterials/DefaultWhiteGrid.uasset" 199
"../../../Engine/Content/EngineDebugMaterials/MAT_LevelColorationLitLightmapUV.uasset" 200
"../../../Engine/Content/EngineDebugMaterials/M_SimpleTranslucent.uasset" 201
"../../../Engine/Content/EngineDebugMaterials/ShadedLevelColorationLitMaterial.uasset" 202
"../../../Engine/Content/EngineDebugMaterials/ShadedLevelColorationUnlitMateri.uasset" 203
"../../../Engine/Content/EngineDebugMaterials/VertexColorMaterial.uasset" 204
"../../../Engine/Content/EngineDebugMaterials/VertexColorViewMode_AlphaAsColor.uasset" 205
"../../../Engine/Content/EngineDebugMaterials/VertexColorViewMode_BlueOnly.uasset" 206
"../../../Engine/Content/EngineDebugMaterials/VertexColorViewMode_ColorOnly.uasset" 207
"../../../Engine/Content/EngineDebugMaterials/VertexColorViewMode_GreenOnly.uasset" 208
"../../../Engine/Content/EngineDebugMaterials/VertexColorViewMode_RedOnly.uasset" 209
"../../../Engine/Content/EngineDebugMaterials/WireframeMaterial.uasset" 210
"../../../Engine/Content/EngineFonts/Faces/RobotoBold.uasset" 211
"../../../Engine/Content/EngineFonts/Faces/RobotoBoldItalic.uasset" 212
"../../../Engine/Content/EngineFonts/Faces/RobotoItalic.uasset" 213
"../../../Engine/Content/EngineFonts/Faces/RobotoLight.uasset" 214
"../../../Engine/Content/EngineFonts/Faces/RobotoRegular.uasset" 215
"../../../Engine/Content/EngineFonts/Roboto.uasset" 216
"../../../Engine/Content/EngineFonts/Faces/RobotoTiny.uasset" 217
"../../../Engine/Content/EngineFonts/RobotoTiny.uasset" 218
"../../../Engine/Content/EngineFonts/SmallFont.uasset" 219
"../../../Engine/Content/EngineFonts/TinyFont.uasset" 220
"../../../Engine/Content/EngineMaterials/BaseFlattenDiffuseMap.uasset" 221
"../../../Engine/Content/EngineMaterials/BaseFlattenEmissiveMap.uasset" 222
"../../../Engine/Content/EngineMaterials/BaseFlattenGrayscaleMap.uasset" 223
"../../../Engine/Content/EngineMaterials/BaseFlattenNormalMap.uasset" 224
"../../../Engine/Content/EngineMaterials/BaseFlattenMaterial.uasset" 225
"../../../Engine/Content/EngineResources/WhiteSquareTexture.uasset" 226
"../../../Engine/Content/EngineMaterials/BlinkingCaret.uasset" 227
"../../../Engine/Content/EngineMaterials/DefaultBloomKernel.uasset" 228
"../../../Engine/Content/EngineMaterials/DefaultBokeh.uasset" 229
"../../../Engine/Content/EngineMaterials/DefaultDiffuse.uasset" 230
"../../../Engine/Content/EngineMaterials/DefaultDeferredDecalMaterial.uasset" 231
"../../../Engine/Content/EngineMaterials/DefaultLightFunctionMaterial.uasset" 232
"../../../Engine/Content/EngineMaterials/DefaultNormal.uasset" 233
"../../../Engine/Content/EngineMaterials/DefaultPostProcessMaterial.uasset" 234
"../../../Engine/Content/EngineFonts/RobotoDistanceField.uasset" 235
"../../../Engine/Content/EngineMaterials/DefaultTextMaterialOpaque.uasset" 236
"../../../Engine/Content/EngineMaterials/EditorBrushMaterial.uasset" 237
"../../../Engine/Content/EngineMaterials/Good64x64TilingNoiseHighFreq.uasset" 238
"../../../Engine/Content/EngineMaterials/Grid_N.uasset" 239
"../../../Engine/Content/EngineMaterials/HighResolutionScreenshotMaskFunction.uasset" 240
"../../../Engine/Content/EngineMaterials/HighResScreenshot.uasset" 241
"../../../Engine/Content/EngineMaterials/HighResScreenshotCaptureRegion.uasset" 242
"../../../Engine/Content/EngineMaterials/HighResScreenshotMask.uasset" 243
"../../../Engine/Content/EngineMaterials/LandscapeHolePhysicalMaterial.uasset" 244
"../../../Engine/Content/EngineMaterials/InvalidLightmapSettings.uasset" 245
"../../../Engine/Content/EngineMaterials/M_InvalidLightmapSettings.uasset" 246
"../../../Engine/Content/EngineMaterials/PaperDiffuse.uasset" 247
"../../../Engine/Content/EngineMaterials/PaperNormal.uasset" 248
"../../../Engine/Content/Functions/Engine_MaterialFunctions02/WorldPositionOffset/CameraOffset.uasset" 249
"../../../Engine/Content/EngineMaterials/PhAT_JointLimitMaterial.uasset" 250
"../../../Engine/Content/EngineMaterials/PhysMat_Rubber.uasset" 251
"../../../Engine/Content/EngineMaterials/PreintegratedSkinBRDF.uasset" 252
"../../../Engine/Content/EngineMaterials/RemoveSurfaceMaterial.uasset" 253
"../../../Engine/Content/EngineMaterials/WeightMapPlaceholderTexture.uasset" 254
"../../../Engine/Content/EngineMaterials/Widget3DPassThrough.uasset" 255
"../../../Engine/Content/EngineMaterials/Widget3DPassThrough_Masked.uasset" 256
"../../../Engine/Content/EngineMaterials/Widget3DPassThrough_Opaque.uasset" 257
"../../../Engine/Content/EngineMaterials/Widget3DPassThrough_Masked_OneSided.uasset" 258
"../../../Engine/Content/EngineMaterials/Widget3DPassThrough_Opaque_OneSided.uasset" 259
"../../../Engine/Content/EngineMeshes/Cylinder.uasset" 260
"../../../Engine/Content/EngineMeshes/Sphere.uasset" 261
"../../../Engine/Content/EngineResources/Black.uasset" 262
"../../../Engine/Content/EngineResources/DefaultTexture.uasset" 263
"../../../Engine/Content/EngineResources/DefaultTextureCube.uasset" 264
"../../../Engine/Content/EngineResources/DefaultVolumeTexture2D.uasset" 265
"../../../Engine/Content/EngineResources/DefaultVolumeTexture.uasset" 266
"../../../Engine/Content/EngineResources/GradientTexture0.uasset" 267
"../../../Engine/Content/EngineResources/StreamingPauseIcon.uasset" 268
"../../../Engine/Content/EngineResources/M_StreamingPause.uasset" 269
"../../../Engine/Content/EngineSounds/Master.uasset" 270
"../../../Engine/Content/Functions/Engine_MaterialFunctions01/Shading/PowerToRoughness.uasset" 271
"../../../Engine/Content/Maps/Templates/Thumbnails/Default.uasset" 272
"../../../Engine/Content/Maps/Templates/Thumbnails/VR-Basic.uasset" 273
"../../../Engine/Content/MapTemplates/Sky/DaylightAmbientCubemap.uasset" 274
"../../../Engine/Content/MobileResources/T_MobileControls_texture.uasset" 275
"../../../Engine/Content/MobileResources/T_MobileMenu2.uasset" 276
"../../../Engine/Content/MobileResources/HUD/AnalogHat.uasset" 277
"../../../Engine/Content/MobileResources/HUD/VirtualJoystick_Background.uasset" 278
"../../../Engine/Content/MobileResources/HUD/VirtualJoystick_Thumb.uasset" 279
"../../../Engine/Content/MobileResources/HUD/DefaultVirtualJoysticks.uasset" 280
"../../../Engine/Content/MobileResources/HUD/LeftVirtualJoystickOnly.uasset" 281
"../../../Engine/Content/MobileResources/HUD/MobileHUDButton1_off.uasset" 282
"../../../Engine/Content/MobileResources/HUD/MobileHUDButton1_on.uasset" 283
"../../../Engine/Content/MobileResources/HUD/MobileHUDButton2_off.uasset" 284
"../../../Engine/Content/MobileResources/HUD/MobileHUDButton2_on.uasset" 285
"../../../Engine/Content/MobileResources/HUD/MobileHUDButton3.uasset" 286
"../../../Engine/Content/MobileResources/HUD/MobileHUDButtonFire.uasset" 287
"../../../Engine/Content/MobileResources/HUD/MobileHUDDirectionPad.uasset" 288
"../../../Engine/Content/MobileResources/HUD/MobileHUDDirectionPad2.uasset" 289
"../../../Engine/Content/MobileResources/HUD/MobileHUDDirectionPad3.uasset" 290
"../../../Engine/Content/MobileResources/HUD/MobileHUDDirectionStick.uasset" 291
"../../../Engine/Content/MobileResources/HUD/T_Castle_ThumbstickInner.uasset" 292
"../../../Engine/Content/MobileResources/HUD/T_Castle_ThumbstickOutter.uasset" 293
"../../../Engine/Content/Tutorial/ContentIntroCurve.uasset" 294
"../../../Engine/Content/Tutorial/Basics/LevelEditorAttract.uasset" 295
"../../../Engine/Content/Tutorial/Basics/TutorialAssets/icon_tab_Levels_40x.uasset" 296
"../../../Engine/Content/Tutorial/Basics/LevelEditorOverview.uasset" 297
"../../../Engine/Content/Tutorial/BlueprintTutorials/TutorialAssets/Blueprint_64x.uasset" 298
"../../../Engine/Content/Tutorial/BlueprintTutorials/BlueprintEditorTutorial.uasset" 299
"../../../Engine/Content/Tutorial/BlueprintTutorials/TutorialAssets/Tutorial_BP_MacroLib.uasset" 300
"../../../Engine/Content/Tutorial/SubEditors/GettingSubstance.uasset" 301
"../../../Engine/Content/VREditor/LaserPointer/VR_LaserPower_01.uasset" 302
"../../../Engine/Content/VREditor/TransformGizmo/TransformGizmoMaterial.uasset" 303
"../../../Engine/Content/VREditor/TransformGizmo/TranslucentTransformGizmoMaterial.uasset" 304
"../../../Engine/Content/VREditor/TransformGizmo/BoundingBoxCorner.uasset" 305
"../../../Engine/Content/VREditor/TransformGizmo/BoundingBoxEdge.uasset" 306
"../../../Engine/Content/VREditor/TransformGizmo/PlaneTranslationHandle.uasset" 307
"../../../Engine/Content/VREditor/TransformGizmo/Main.uasset" 308
"../../../Engine/Content/VREditor/TransformGizmo/Xray.uasset" 309
"../../../Engine/Content/VREditor/TransformGizmo/SM_Sequencer_Key.uasset" 310
"../../../Engine/Content/VREditor/TransformGizmo/SM_Sequencer_Node.uasset" 311
"../../../../../../Users/stl/Documents/Unreal Projects/A/OctoPrototype2/Content/Blueprints/Public/3DButton/IconColor_Enum.uasset" 312
"../../../../../../Users/stl/Documents/Unreal Projects/A/OctoPrototype2/Content/OutlineMaker/ExampleContent/DemoRoom/Blueprints/BP_DemoDisplay_Enum.uasset" 313
"../../../../../../Users/stl/Documents/Unreal Projects/A/OctoPrototype2/Content/OutlineMaker/ExampleContent/DemoRoom/Blueprints/BP_DemoRoom_Enum.uasset" 314
"../../../../../../Users/stl/Documents/Unreal Projects/A/OctoPrototype2/Content/Ultimate_SFX_Bundle/Warfare_SFX_Bundle/Bullet_Impacts_Flybys_Pro/Wavs/Mud/Mud_5.uasset" 315
"../../../../../../Users/stl/Documents/Unreal Projects/A/OctoPrototype2/Content/Ultimate_SFX_Bundle/Warfare_SFX_Bundle/Bullet_Impacts_Flybys_Pro/Wavs/Mud/Mud_6.uasset" 316
"../../Plugins/2D/Paper2D/Content/PlaceholderTextures/DummySpriteTexture.uasset" 317
"../../Plugins/2D/Paper2D/Content/DummySprite.uasset" 318
"../../Plugins/2D/Paper2D/Content/DefaultPaperTerrainMaterial.uasset" 319
"../../Plugins/2D/Paper2D/Content/DefaultSpriteMaterial.uasset" 320
"../../Plugins/2D/Paper2D/Content/MaskedUnlitSpriteMaterial.uasset" 321
"../../Plugins/2D/Paper2D/Content/OpaqueUnlitSpriteMaterial.uasset" 322
"../../Plugins/Enterprise/DatasmithContent/Content/Blueprints/FBXImporter/ArrayOfActor.uasset" 323
"../../Plugins/Enterprise/DatasmithContent/Content/Blueprints/FBXImporter/ArrayOfSwitch.uasset" 324
"../../Plugins/Enterprise/DatasmithContent/Content/Blueprints/FBXImporter/BP_SceneNode.uasset" 325
"../../Plugins/Enterprise/DatasmithContent/Content/Blueprints/FBXImporter/BP_Switch.uasset" 326
"../../Plugins/Enterprise/DatasmithContent/Content/Blueprints/FBXImporter/BP_SceneRoot.uasset" 327
"../../Plugins/Enterprise/DatasmithContent/Content/Blueprints/FBXImporter/FBXImporterUtils.uasset" 328
"../../Plugins/Enterprise/DatasmithContent/Content/Blueprints/FBXImporter/Animation/DeltaGenAnimationTrackType.uasset" 329
"../../Plugins/Enterprise/DatasmithContent/Content/Blueprints/FBXImporter/Animation/VREDAnimationTrackComponent.uasset" 330
"../../Plugins/Enterprise/DatasmithContent/Content/Blueprints/FBXImporter/Animation/VREDAnimationTrackType.uasset" 331
"../../Plugins/Enterprise/DatasmithContent/Content/Blueprints/FBXImporter/Animation/VREDAnimCurveComponent.uasset" 332
"../../Plugins/Enterprise/DatasmithContent/Content/Blueprints/FBXImporter/Animation/VREDAnimCurveType.uasset" 333
"../../Plugins/Enterprise/DatasmithContent/Content/Blueprints/FBXImporter/Variants/VariantSwitchType.uasset" 334
"../../Plugins/Enterprise/DatasmithContent/Content/Blueprints/FBXImporter/Variants/VREDVariantSwitchType.uasset" 335
"../../Plugins/Enterprise/DatasmithContent/Content/Blueprints/FBXImporter/Variants/VREDVariantType.uasset" 336
"../../Plugins/Runtime/Oculus/OculusVR/Content/OculusMR_RenderTarget.uasset" 337
"../../../Engine/Content/Functions/Engine_MaterialFunctions02/Utility/BreakOutFloat4Components.uasset" 338
"../../Plugins/Runtime/Oculus/OculusVR/Content/Materials/OculusMR_ChromaKey.uasset" 339
"../../Plugins/Runtime/Oculus/OculusVR/Content/Materials/OculusMR_ChromaKey_Lit.uasset" 340
"../../Plugins/Runtime/Oculus/OculusVR/Content/Materials/OculusMR_OpaqueColoredMaterial.uasset" 341
"../../Plugins/Runtime/Oculus/OculusVR/Content/Materials/OculusMR_WhiteMaterial.uasset" 342
"../../Plugins/Runtime/Oculus/OculusVR/Content/Materials/PokeAHoleMaterial.uasset" 343
"../../Plugins/Runtime/Oculus/OculusVR/Content/Textures/GearVRController_AO.uasset" 344
"../../Plugins/Runtime/Oculus/OculusVR/Content/Textures/GearVRController_Color.uasset" 345
"../../Plugins/Runtime/Oculus/OculusVR/Content/Textures/GearVRController_Normal.uasset" 346
"../../Plugins/Runtime/Oculus/OculusVR/Content/Materials/GearVRControllerMaterial.uasset" 347
"../../Plugins/Runtime/Oculus/OculusVR/Content/Meshes/GearVrController.uasset" 348
"../../Plugins/Runtime/Oculus/OculusVR/Content/Textures/touchController_albedo.uasset" 349
"../../Plugins/Runtime/Oculus/OculusVR/Content/Textures/touchController_controlmap.uasset" 350
"../../Plugins/Runtime/Oculus/OculusVR/Content/Materials/touchController_mat.uasset" 351
"../../Plugins/Runtime/Oculus/OculusVR/Content/Meshes/LeftTouchController.uasset" 352
"../../Plugins/Runtime/Oculus/OculusVR/Content/Meshes/RiftHMD.uasset" 353
"../../Plugins/Runtime/Oculus/OculusVR/Content/Meshes/RightTouchController.uasset" 354
"../../../../../../Users/stl/Documents/Unreal Projects/A/OctoPrototype2/Content/Blueprints/System/Entry/EntryWidget.uasset" 355
"../../../../../../Users/stl/Documents/Unreal Projects/A/OctoPrototype2/Content/Resources/UI/M_InnerSphere.uasset" 356
"../../../../../../Users/stl/Documents/Unreal Projects/A/OctoPrototype2/Content/Resources/UI/LoadingRoom.uasset" 357
"../../../../../../Users/stl/Documents/Unreal Projects/A/OctoPrototype2/Content/Blueprints/Public/BP_LogoRoom.uasset" 358
"../../../../../../Users/stl/Documents/Unreal Projects/A/OctoPrototype2/Content/Resources/Octopus/Mesh/Octo_Skeleton.uasset" 359
"../../../../../../Users/stl/Documents/Unreal Projects/A/OctoPrototype2/Content/Resources/Octopus/Animation/Octo_Anim.uasset" 360
"../../../../../../Users/stl/Documents/Unreal Projects/A/OctoPrototype2/Content/Resources/Octopus/Animation/Octo_BasePose.uasset" 361
"../../../../../../Users/stl/Documents/Unreal Projects/A/OctoPrototype2/Content/Blueprints/Octopus/ABP_VRPawnMain.uasset" 362
"../../../Engine/Content/EditorBlueprintResources/ActorMacros.uasset" 363
"../../../../../../Users/stl/Documents/Unreal Projects/A/OctoPrototype2/Content/Blueprints/BuildingsAndProps/Interactable_Interface.uasset" 364
"../../../../../../Users/stl/Documents/Unreal Projects/A/OctoPrototype2/Content/Blueprints/BuildingsAndProps/BP_InteractableObject.uasset" 365
"../../../../../../Users/stl/Documents/Unreal Projects/A/OctoPrototype2/Content/Blueprints/BuildingsAndProps/Climbing/BP_Climbinginterface.uasset" 366
"../../../../../../Users/stl/Documents/Unreal Projects/A/OctoPrototype2/Content/Blueprints/BuildingsAndProps/Pickup/PickupActorInterface.uasset" 367
"../../../../../../Users/stl/Documents/Unreal Projects/A/OctoPrototype2/Content/Blueprints/Octopus/DamageType_Octo.uasset" 368
"../../../../../../Users/stl/Documents/Unreal Projects/A/OctoPrototype2/Content/SimpleApocalypse/Characters/Textures/TEX_Character_Survivor_Male01.uasset" 369
"../../../../../../Users/stl/Documents/Unreal Projects/A/OctoPrototype2/Content/SimpleApocalypse/Characters/Materials/M_Character.uasset" 370
"../../../../../../Users/stl/Documents/Unreal Projects/A/OctoPrototype2/Content/SimpleApocalypse/Characters/Textures/TEX_Character_Survivor_Biohazard.uasset" 371
"../../../../../../Users/stl/Documents/Unreal Projects/A/OctoPrototype2/Content/SimpleApocalypse/Characters/Materials/MI_Character_Biohazard.uasset" 372
"../../../../../../Users/stl/Documents/Unreal Projects/A/OctoPrototype2/Content/SimpleApocalypse/Characters/Textures/TEX_Character_Survivor_Businessman.uasset" 373
"../../../../../../Users/stl/Documents/Unreal Projects/A/OctoPrototype2/Content/SimpleApocalypse/Characters/Materials/MI_Character_Businessman.uasset" 374
"../../../../../../Users/stl/Documents/Unreal Projects/A/OctoPrototype2/Content/SimpleApocalypse/Characters/Textures/TEX_Character_Survivor_FemaleHero.uasset" 375
"../../../../../../Users/stl/Documents/Unreal Projects/A/OctoPrototype2/Content/SimpleApocalypse/Characters/Materials/MI_Character_FemaleHero.uasset" 376
"../../../../../../Users/stl/Documents/Unreal Projects/A/OctoPrototype2/Content/SimpleApocalypse/Characters/Textures/TEX_Character_Survivor_FemalePyro.uasset" 377
"../../../../../../Users/stl/Documents/Unreal Projects/A/OctoPrototype2/Content/SimpleApocalypse/Characters/Materials/MI_Character_FemalePyro.uasset" 378
"../../../../../../Users/stl/Documents/Unreal Projects/A/OctoPrototype2/Content/SimpleApocalypse/Characters/Textures/TEX_Character_Survivor_FemaleTrenchcoat.uasset" 379
"../../../../../../Users/stl/Documents/Unreal Projects/A/OctoPrototype2/Content/SimpleApocalypse/Characters/Materials/MI_Character_FemaleTrenchcoat.uasset" 380
"../../../../../../Users/stl/Documents/Unreal Projects/A/OctoPrototype2/Content/SimpleApocalypse/Characters/Textures/TEX_Character_Survivor_Hazard.uasset" 381
"../../../../../../Users/stl/Documents/Unreal Projects/A/OctoPrototype2/Content/SimpleApocalypse/Characters/Materials/MI_Character_Hazard.uasset" 382
"../../../../../../Users/stl/Documents/Unreal Projects/A/OctoPrototype2/Content/SimpleApocalypse/Characters/Materials/MI_Character_Male01.uasset" 383
"../../../../../../Users/stl/Documents/Unreal Projects/A/OctoPrototype2/Content/SimpleApocalypse/Characters/Textures/TEX_Character_Survivor_Male04.uasset" 384
"../../../../../../Users/stl/Documents/Unreal Projects/A/OctoPrototype2/Content/SimpleApocalypse/Characters/Materials/MI_Character_Male04.uasset" 385
"../../../../../../Users/stl/Documents/Unreal Projects/A/OctoPrototype2/Content/SimpleApocalypse/Characters/Textures/TEX_Character_Survivor_MaleTrenchcoat.uasset" 386
"../../../../../../Users/stl/Documents/Unreal Projects/A/OctoPrototype2/Content/SimpleApocalypse/Characters/Materials/MI_Character_MaleTrenchcoat.uasset" 387
"../../../../../../Users/stl/Documents/Unreal Projects/A/OctoPrototype2/Content/SimpleApocalypse/Characters/Textures/TEX_Character_Survivor_OldMan.uasset" 388
"../../../../../../Users/stl/Documents/Unreal Projects/A/OctoPrototype2/Content/SimpleApocalypse/Characters/Materials/MI_Character_OldMan.uasset" 389
"../../../../../../Users/stl/Documents/Unreal Projects/A/OctoPrototype2/Content/SimpleApocalypse/Characters/Textures/TEX_Character_Survivor_Scout.uasset" 390
"../../../../../../Users/stl/Documents/Unreal Projects/A/OctoPrototype2/Content/SimpleApocalypse/Characters/Materials/MI_Character_Scout.uasset" 391
"../../../../../../Users/stl/Documents/Unreal Projects/A/OctoPrototype2/Content/Blueprints/Skin/ESkinState.uasset" 392
"../../../../../../Users/stl/Documents/Unreal Projects/A/OctoPrototype2/Content/Blueprints/Skin/SkinStruct.uasset" 393
"../../../../../../Users/stl/Documents/Unreal Projects/A/OctoPrototype2/Content/Resources/Hunter/UMGTextures/Portraits/BioHazard.uasset" 394
"../../../../../../Users/stl/Documents/Unreal Projects/A/OctoPrototype2/Content/Resources/Hunter/UMGTextures/Portraits/Businessman.uasset" 395
"../../../../../../Users/stl/Documents/Unreal Projects/A/OctoPrototype2/Content/Resources/Hunter/UMGTextures/Portraits/FemaleHero.uasset" 396
"../../../../../../Users/stl/Documents/Unreal Projects/A/OctoPrototype2/Content/Resources/Hunter/UMGTextures/Portraits/FemalePyro.uasset" 397
"../../../../../../Users/stl/Documents/Unreal Projects/A/OctoPrototype2/Content/Resources/Hunter/UMGTextures/Portraits/FemaleTrenchcoat.uasset" 398
"../../../../../../Users/stl/Documents/Unreal Projects/A/OctoPrototype2/Content/Resources/Hunter/UMGTextures/Portraits/Hazard.uasset" 399
"../../../../../../Users/stl/Documents/Unreal Projects/A/OctoPrototype2/Content/Resources/Hunter/UMGTextures/Portraits/Male01.uasset" 400
"../../../../../../Users/stl/Documents/Unreal Projects/A/OctoPrototype2/Content/Resources/Hunter/UMGTextures/Portraits/Male04.uasset" 401
"../../../../../../Users/stl/Documents/Unreal Projects/A/OctoPrototype2/Content/Resources/Hunter/UMGTextures/Portraits/MaleTrenchcoat.uasset" 402
"../../../../../../Users/stl/Documents/Unreal Projects/A/OctoPrototype2/Content/Resources/Hunter/UMGTextures/Portraits/Oldman.uasset" 403
"../../../../../../Users/stl/Documents/Unreal Projects/A/OctoPrototype2/Content/Resources/Hunter/UMGTextures/Portraits/Scout.uasset" 404
"../../../../../../Users/stl/Documents/Unreal Projects/A/OctoPrototype2/Content/SimpleApocalypse/Characters/Materials/MAT_Character_Survivor_Biohazard.uasset" 405
"../../../../../../Users/stl/Documents/Unreal Projects/A/OctoPrototype2/Content/SimpleApocalypse/Characters/Skeletons/SK_Character_Survivor_Biohazard_PhysicsAsset.uasset" 406
"../../../Engine/Content/EngineMeshes/Humanoid.uasset" 407
"../../../../../../Users/stl/Documents/Unreal Projects/A/OctoPrototype2/Content/SimpleApocalypse/Characters/Skeletons/SK_Character_Survivor_Male01_Skeleton.uasset" 408
"../../../../../../Users/stl/Documents/Unreal Projects/A/OctoPrototype2/Content/SimpleApocalypse/Characters/Characters/SK_Character_Survivor_Biohazard.uasset" 409
"../../../../../../Users/stl/Documents/Unreal Projects/A/OctoPrototype2/Content/SimpleApocalypse/Characters/Materials/MAT_Character_Survivor_Businessman.uasset" 410
"../../../../../../Users/stl/Documents/Unreal Projects/A/OctoPrototype2/Content/SimpleApocalypse/Characters/Skeletons/SK_Character_Survivor_Businessman_PhysicsAsset.uasset" 411
"../../../../../../Users/stl/Documents/Unreal Projects/A/OctoPrototype2/Content/SimpleApocalypse/Characters/Characters/SK_Character_Survivor_Businessman.uasset" 412
"../../../../../../Users/stl/Documents/Unreal Projects/A/OctoPrototype2/Content/SimpleApocalypse/Characters/Materials/MAT_Character_Survivor_FemaleHero.uasset" 413
"../../../../../../Users/stl/Documents/Unreal Projects/A/OctoPrototype2/Content/SimpleApocalypse/Characters/Skeletons/SK_Character_Survivor_FemaleHero_PhysicsAsset.uasset" 414
"../../../../../../Users/stl/Documents/Unreal Projects/A/OctoPrototype2/Content/SimpleApocalypse/Characters/Characters/SK_Character_Survivor_FemaleHero.uasset" 415
"../../../../../../Users/stl/Documents/Unreal Projects/A/OctoPrototype2/Content/SimpleApocalypse/Characters/Materials/MAT_Character_Survivor_FemalePyro.uasset" 416
"../../../../../../Users/stl/Documents/Unreal Projects/A/OctoPrototype2/Content/SimpleApocalypse/Characters/Skeletons/SK_Character_Survivor_FemalePyro_PhysicsAsset.uasset" 417
"../../../../../../Users/stl/Documents/Unreal Projects/A/OctoPrototype2/Content/SimpleApocalypse/Characters/Characters/SK_Character_Survivor_FemalePyro.uasset" 418
"../../../../../../Users/stl/Documents/Unreal Projects/A/OctoPrototype2/Content/SimpleApocalypse/Characters/Materials/MAT_Character_Survivor_FemaleTrenchcoat.uasset" 419
"../../../../../../Users/stl/Documents/Unreal Projects/A/OctoPrototype2/Content/SimpleApocalypse/Characters/Skeletons/SK_Character_Survivor_FemaleTrenchcoat_PhysicsAsset.uasset" 420
"../../../../../../Users/stl/Documents/Unreal Projects/A/OctoPrototype2/Content/SimpleApocalypse/Characters/Characters/SK_Character_Survivor_FemaleTrenchcoat.uasset" 421
"../../../../../../Users/stl/Documents/Unreal Projects/A/OctoPrototype2/Content/SimpleApocalypse/Characters/Materials/MAT_Character_Survivor_Hazard.uasset" 422
"../../../../../../Users/stl/Documents/Unreal Projects/A/OctoPrototype2/Content/SimpleApocalypse/Characters/Skeletons/SK_Character_Survivor_Hazard_PhysicsAsset.uasset" 423
"../../../../../../Users/stl/Documents/Unreal Projects/A/OctoPrototype2/Content/SimpleApocalypse/Characters/Characters/SK_Character_Survivor_Hazard.uasset" 424
"../../../../../../Users/stl/Documents/Unreal Projects/A/OctoPrototype2/Content/SimpleApocalypse/Characters/Skeletons/SK_Character_Survivor_Male01_PhysicsAsset.uasset" 425
"../../../../../../Users/stl/Documents/Unreal Projects/A/OctoPrototype2/Content/SimpleApocalypse/Characters/Characters/SK_Character_Survivor_Male01.uasset" 426
"../../../../../../Users/stl/Documents/Unreal Projects/A/OctoPrototype2/Content/SimpleApocalypse/Characters/Materials/MAT_Character_Survivor_Male04.uasset" 427
"../../../../../../Users/stl/Documents/Unreal Projects/A/OctoPrototype2/Content/SimpleApocalypse/Characters/Skeletons/SK_Character_Survivor_Male04_PhysicsAsset.uasset" 428
"../../../../../../Users/stl/Documents/Unreal Projects/A/OctoPrototype2/Content/SimpleApocalypse/Characters/Characters/SK_Character_Survivor_Male04.uasset" 429
"../../../../../../Users/stl/Documents/Unreal Projects/A/OctoPrototype2/Content/SimpleApocalypse/Characters/Materials/MAT_Character_Survivor_MaleTrenchcoat.uasset" 430
"../../../../../../Users/stl/Documents/Unreal Projects/A/OctoPrototype2/Content/SimpleApocalypse/Characters/Skeletons/SK_Character_Survivor_MaleTrenchcoat_PhysicsAsset.uasset" 431
"../../../../../../Users/stl/Documents/Unreal Projects/A/OctoPrototype2/Content/SimpleApocalypse/Characters/Characters/SK_Character_Survivor_MaleTrenchcoat.uasset" 432
"../../../../../../Users/stl/Documents/Unreal Projects/A/OctoPrototype2/Content/SimpleApocalypse/Characters/Materials/MAT_Character_Survivor_OldMan.uasset" 433
"../../../../../../Users/stl/Documents/Unreal Projects/A/OctoPrototype2/Content/SimpleApocalypse/Characters/Skeletons/SK_Character_Survivor_OldMan_PhysicsAsset.uasset" 434
"../../../../../../Users/stl/Documents/Unreal Projects/A/OctoPrototype2/Content/SimpleApocalypse/Characters/Characters/SK_Character_Survivor_OldMan.uasset" 435
"../../../../../../Users/stl/Documents/Unreal Projects/A/OctoPrototype2/Content/SimpleApocalypse/Characters/Materials/MAT_Character_Survivor_Scout.uasset" 436
"../../../../../../Users/stl/Documents/Unreal Projects/A/OctoPrototype2/Content/SimpleApocalypse/Characters/Skeletons/SK_Character_Survivor_Scout_PhysicsAsset.uasset" 437
"../../../../../../Users/stl/Documents/Unreal Projects/A/OctoPrototype2/Content/SimpleApocalypse/Characters/Characters/SK_Character_Survivor_Scout.uasset" 438
"../../../../../../Users/stl/Documents/Unreal Projects/A/OctoPrototype2/Content/Blueprints/Skin/SkinTable.uasset" 439
"../../../../../../Users/stl/Documents/Unreal Projects/A/OctoPrototype2/Content/Blueprints/Skin/BP_SkinData.uasset" 440
"../../../Engine/Content/EngineMaterials/Widget3DPassThrough_Translucent.uasset" 441
"../../../Engine/Content/EngineMaterials/Widget3DPassThrough_Translucent_OneSided.uasset" 442
"../../../../../../Users/stl/Documents/Unreal Projects/A/OctoPrototype2/Content/Fonts/DXBangtango-KSCpc-EUC-H.uasset" 443
"../../../../../../Users/stl/Documents/Unreal Projects/A/OctoPrototype2/Content/Fonts/DXBangtango-KSCpc-EUC-H_Font.uasset" 444
"../../../../../../Users/stl/Documents/Unreal Projects/A/OctoPrototype2/Content/Resources/UI/TPSStart/HP_fill.uasset" 445
"../../../../../../Users/stl/Documents/Unreal Projects/A/OctoPrototype2/Content/Resources/UI/TPSStart/HumanIcon.uasset" 446
"../../../../../../Users/stl/Documents/Unreal Projects/A/OctoPrototype2/Content/Resources/UI/TPSStart/IPInputBox_bg.uasset" 447
"../../../../../../Users/stl/Documents/Unreal Projects/A/OctoPrototype2/Content/Blueprints/System/Main/OctoMainWidget.uasset" 448
"../../../../../../Users/stl/Documents/Unreal Projects/A/OctoPrototype2/Content/Blueprints/System/Main/BP_OctoMainWidget.uasset" 449
"../../../../../../Users/stl/Documents/Unreal Projects/A/OctoPrototype2/Content/SN/UseAnimations_SN/AimMode/Idle_Rifle_Ironsights.uasset" 450
"../../../../../../Users/stl/Documents/Unreal Projects/A/OctoPrototype2/Content/SN/UseAnimations_SN/AimMode/AimOffset/Aim_Space_Ironsights_CC.uasset" 451
"../../../../../../Users/stl/Documents/Unreal Projects/A/OctoPrototype2/Content/SN/UseAnimations_SN/AimMode/AimOffset/Aim_Space_Ironsights_CD.uasset" 452
"../../../../../../Users/stl/Documents/Unreal Projects/A/OctoPrototype2/Content/SN/UseAnimations_SN/AimMode/AimOffset/Aim_Space_Ironsights_CU.uasset" 453
"../../../../../../Users/stl/Documents/Unreal Projects/A/OctoPrototype2/Content/SN/Blueprints_SN/Anim/AimOffset_Aiming_SN.uasset" 454
"../../../../../../Users/stl/Documents/Unreal Projects/A/OctoPrototype2/Content/SN/UseAnimations_SN/AimMode/UseAOShoot_Fire_Rifle_Ironsights_.uasset" 455
"../../../../../../Users/stl/Documents/Unreal Projects/A/OctoPrototype2/Content/SN/Blueprints_SN/Anim/AO_Shooting_SN.uasset" 456
"../../../../../../Users/stl/Documents/Unreal Projects/A/OctoPrototype2/Content/Ultimate_SFX_Bundle/Punch_Fighting_SFX/Wavs/Body_Fall/Body_Fall_16.uasset" 457
"../../../../../../Users/stl/Documents/Unreal Projects/A/OctoPrototype2/Content/Resources/Hunter/Sounds/JumpEnd_Cue.uasset" 458
"../../../../../../Users/stl/Documents/Unreal Projects/A/OctoPrototype2/Content/Ultimate_SFX_Bundle/Punch_Fighting_SFX/Wavs/Body_Fall/Body_Fall_11.uasset" 459
"../../../../../../Users/stl/Documents/Unreal Projects/A/OctoPrototype2/Content/Resources/Hunter/Sounds/JumpStart_Cue.uasset" 460
"../../../../../../Users/stl/Documents/Unreal Projects/A/OctoPrototype2/Content/SN/UseAnimations_SN/AimMode/Jump_From_Jog.uasset" 461
"../../../../../../Users/stl/Documents/Unreal Projects/A/OctoPrototype2/Content/SN/UseAnimations_SN/AimMode/Jump_From_Stand_Ironsights.uasset" 462
"../../../../../../Users/stl/Documents/Unreal Projects/A/OctoPrototype2/Content/SN/UseAnimations_SN/Locomotion/ThirdPersonJump_End_3.uasset" 463
"../../../../../../Users/stl/Documents/Unreal Projects/A/OctoPrototype2/Content/SN/UseAnimations_SN/Locomotion/ThirdPersonJump_Loop_3.uasset" 464
"../../../../../../Users/stl/Documents/Unreal Projects/A/OctoPrototype2/Content/SN/UseAnimations_SN/Locomotion/ThirdPersonJump_Start_3.uasset" 465
"../../../../../../Users/stl/Documents/Unreal Projects/A/OctoPrototype2/Content/Ultimate_SFX_Bundle/Footstep_Sounds_Pro/Wavs/Stone_footsteps/Stone_footstep_10.uasset" 466
"../../../../../../Users/stl/Documents/Unreal Projects/A/OctoPrototype2/Content/Resources/Hunter/Sounds/Use_Stone_footstep_Cue1.uasset" 467
"../../../../../../Users/stl/Documents/Unreal Projects/A/OctoPrototype2/Content/SN/UseAnimations_SN/AimMode/Walk_Bwd_Rifle_Ironsights.uasset" 468
"../../../../../../Users/stl/Documents/Unreal Projects/A/OctoPrototype2/Content/SN/UseAnimations_SN/AimMode/Walk_Fwd_Rifle_Ironsights.uasset" 469
"../../../../../../Users/stl/Documents/Unreal Projects/A/OctoPrototype2/Content/SN/UseAnimations_SN/AimMode/Walk_Lt_Rifle_Ironsights.uasset" 470
"../../../../../../Users/stl/Documents/Unreal Projects/A/OctoPrototype2/Content/SN/UseAnimations_SN/AimMode/Walk_Rt_Rifle_Ironsights.uasset" 471
"../../../../../../Users/stl/Documents/Unreal Projects/A/OctoPrototype2/Content/SN/Blueprints_SN/Anim/ABS_AimingPlayerCharacter_SN.uasset" 472
"../../../../../../Users/stl/Documents/Unreal Projects/A/OctoPrototype2/Content/SN/UseAnimations_SN/AimMode/Idle_Rifle_Hip.uasset" 473
"../../../../../../Users/stl/Documents/Unreal Projects/A/OctoPrototype2/Content/SN/UseAnimations_SN/AimMode/Jog_Fwd_Rifle.uasset" 474
"../../../../../../Users/stl/Documents/Unreal Projects/A/OctoPrototype2/Content/SN/UseAnimations_SN/AimMode/Sprint_Fwd_Rifle1.uasset" 475
"../../../../../../Users/stl/Documents/Unreal Projects/A/OctoPrototype2/Content/SN/Blueprints_SN/Anim/ABS_EquipWeaponPlayerCharacter_SN.uasset" 476
"../../../../../../Users/stl/Documents/Unreal Projects/A/OctoPrototype2/Content/SN/UseAnimations_SN/Locomotion/SurvivorThirdPersonWalk_2.uasset" 477
"../../../../../../Users/stl/Documents/Unreal Projects/A/OctoPrototype2/Content/SN/UseAnimations_SN/Locomotion/ThirdPersonIdle_3.uasset" 478
"../../../../../../Users/stl/Documents/Unreal Projects/A/OctoPrototype2/Content/SN/UseAnimations_SN/Locomotion/ThirdPersonRun_3.uasset" 479
"../../../../../../Users/stl/Documents/Unreal Projects/A/OctoPrototype2/Content/SN/UseAnimations_SN/Locomotion/ThirdPersonSprint.uasset" 480
"../../../../../../Users/stl/Documents/Unreal Projects/A/OctoPrototype2/Content/SN/Blueprints_SN/Anim/ABS_PlayerCharacter_SN.uasset" 481
"../../../../../../Users/stl/Documents/Unreal Projects/A/OctoPrototype2/Content/SN/UseAnimations_SN/Rope/Survivor_Start_Swinging2.uasset" 482
"../../../../../../Users/stl/Documents/Unreal Projects/A/OctoPrototype2/Content/SN/UseAnimations_SN/Rope/Survivor_Swing3_Anim.uasset" 483
"../../../../../../Users/stl/Documents/Unreal Projects/A/OctoPrototype2/Content/SN/UseAnimations_SN/Rope/ABS_Survivor_Swing.uasset" 484
"../../../../../../Users/stl/Documents/Unreal Projects/A/OctoPrototype2/Content/SN/Blueprints_SN/PlayerCharacter_Enum_SN.uasset" 485
"../../../../../../Users/stl/Documents/Unreal Projects/A/OctoPrototype2/Content/SN/Blueprints_SN/ABP_PlayerCharacter_SN.uasset" 486
"../../../../../../Users/stl/Documents/Unreal Projects/A/OctoPrototype2/Content/Ultimate_SFX_Bundle/Punch_Fighting_SFX/Wavs/Arm_Swings/Arm_Swing__Whoosh_12.uasset" 487
"../../../../../../Users/stl/Documents/Unreal Projects/A/OctoPrototype2/Content/Resources/Hunter/Sounds/Use_BackStep_Cue.uasset" 488
"../../../../../../Users/stl/Documents/Unreal Projects/A/OctoPrototype2/Content/SN/UseAnimations_SN/Roll/RootMotions/DodgeBackward_Root.uasset" 489
"../../../../../../Users/stl/Documents/Unreal Projects/A/OctoPrototype2/Content/SN/Blueprints_SN/Anim/AM_BackDodge_SN.uasset" 490
"../../../../../../Users/stl/Documents/Unreal Projects/A/OctoPrototype2/Content/Ultimate_SFX_Bundle/Casual_Bundle/Animal_Sounds_Pro/Wavs/Chicken_flapping_wings/Chicken_flapping_wings_1.uasset" 491
"../../../../../../Users/stl/Documents/Unreal Projects/A/OctoPrototype2/Content/Resources/Hunter/Sounds/Rolling_Cue.uasset" 492
"../../../../../../Users/stl/Documents/Unreal Projects/A/OctoPrototype2/Content/SN/UseAnimations_SN/Roll/RootMotions/RollForward_Root.uasset" 493
"../../../../../../Users/stl/Documents/Unreal Projects/A/OctoPrototype2/Content/SN/Blueprints_SN/Anim/AM_PlayerCharacter_SN.uasset" 494
"../../../../../../Users/stl/Documents/Unreal Projects/A/OctoPrototype2/Content/SN/UseAnimations_SN/Roll/RootMotions/RollForward_Root1.uasset" 495
"../../../../../../Users/stl/Documents/Unreal Projects/A/OctoPrototype2/Content/SN/UseAnimations_SN/Roll/RootMotions/RollForward_Root2.uasset" 496
"../../../../../../Users/stl/Documents/Unreal Projects/A/OctoPrototype2/Content/SN/UseAnimations_SN/Roll/RootMotions/RollForward_Root3.uasset" 497
"../../../../../../Users/stl/Documents/Unreal Projects/A/OctoPrototype2/Content/SN/Blueprints_SN/Anim/AM_Rolling.uasset" 498
"../../../../../../Users/stl/Documents/Unreal Projects/A/OctoPrototype2/Content/SN/UseAnimations_SN/AimMode/Equip_Rifle_Standing.uasset" 499
"../../../../../../Users/stl/Documents/Unreal Projects/A/OctoPrototype2/Content/Ultimate_SFX_Bundle/Warfare_SFX_Bundle/Gun_Sound_Essentials/Wavs/Bullet_In_04.uasset" 500
"../../../../../../Users/stl/Documents/Unreal Projects/A/OctoPrototype2/Content/Resources/Hunter/Sounds/Use_Bullet_In_Cue.uasset" 501
"../../../../../../Users/stl/Documents/Unreal Projects/A/OctoPrototype2/Content/SN/Blueprints_SN/Anim/Equip_Rifle_Standing_Montage_SN.uasset" 502
"../../../../../../Users/stl/Documents/Unreal Projects/A/OctoPrototype2/Content/SN/UseAnimations_SN/Roll/RootMotions/SpinDodgeLeft_Root.uasset" 503
"../../../../../../Users/stl/Documents/Unreal Projects/A/OctoPrototype2/Content/SN/Blueprints_SN/Anim/SpinDodgeLeft_Root_Montage_SN.uasset" 504
"../../../../../../Users/stl/Documents/Unreal Projects/A/OctoPrototype2/Content/SN/UseAnimations_SN/Roll/RootMotions/SpinDodgeRight_Root.uasset" 505
"../../../../../../Users/stl/Documents/Unreal Projects/A/OctoPrototype2/Content/SN/Blueprints_SN/Anim/SpinDodgeRight_Root_Montage_SN.uasset" 506
"../../../../../../Users/stl/Documents/Unreal Projects/A/OctoPrototype2/Content/SN/UseAnimations_SN/DeathAnim/Death_Ironsights_3.uasset" 507
"../../../../../../Users/stl/Documents/Unreal Projects/A/OctoPrototype2/Content/SN/UseAnimations_SN/DeathAnim/Death_Ironsights_4.uasset" 508
"../../../../../../Users/stl/Documents/Unreal Projects/A/OctoPrototype2/Content/SN/UseAnimations_SN/DeathAnim/AM_Death_Ironsight.uasset" 509
"../../../../../../Users/stl/Documents/Unreal Projects/A/OctoPrototype2/Content/SN/UseAnimations_SN/DeathAnim/Death_4.uasset" 510
"../../../../../../Users/stl/Documents/Unreal Projects/A/OctoPrototype2/Content/SN/UseAnimations_SN/DeathAnim/Death_5.uasset" 511
"../../../../../../Users/stl/Documents/Unreal Projects/A/OctoPrototype2/Content/SN/UseAnimations_SN/DeathAnim/Death_6.uasset" 512
"../../../../../../Users/stl/Documents/Unreal Projects/A/OctoPrototype2/Content/SN/UseAnimations_SN/DeathAnim/Death_Normal.uasset" 513
"../../../../../../Users/stl/Documents/Unreal Projects/A/OctoPrototype2/Content/SN/UseAnimations_SN/Rope/Survivor_Start_Swinging.uasset" 514
"../../../../../../Users/stl/Documents/Unreal Projects/A/OctoPrototype2/Content/SN/UseAnimations_SN/Rope/Survivor_Start_Swinging_Montage.uasset" 515
"../../../../../../Users/stl/Documents/Unreal Projects/A/OctoPrototype2/Content/Blueprints/BuildingsAndProps/BP_PickupCharacter.uasset" 516
"../../../../../../Users/stl/Documents/Unreal Projects/A/OctoPrototype2/Content/SN/Blueprints_SN/BP_CameraShake.uasset" 517
"../../../../../../Users/stl/Documents/Unreal Projects/A/OctoPrototype2/Content/SN/Blueprints_SN/M_Projectile_SN.uasset" 518
"../../../../../../Users/stl/Documents/Unreal Projects/A/OctoPrototype2/Content/Resources/Hunter/ToonProjectiles/Textures/Beams/T_Beam01Grey.uasset" 519
"../../../../../../Users/stl/Documents/Unreal Projects/A/OctoPrototype2/Content/Resources/Hunter/ToonProjectiles/Materials/Originals/M_AlphaBlended.uasset" 520
"../../../../../../Users/stl/Documents/Unreal Projects/A/OctoPrototype2/Content/Resources/Hunter/ToonProjectiles/Textures/Texturesheets/T_ToonProjectilesVol1_10X10_8K_part1.uasset" 521
"../../../../../../Users/stl/Documents/Unreal Projects/A/OctoPrototype2/Content/Resources/Hunter/ToonProjectiles/Materials/Mi_ToonProjectilesP1_10x10_AB.uasset" 522
"../../../../../../Users/stl/Documents/Unreal Projects/A/OctoPrototype2/Content/Resources/Hunter/ToonProjectiles/Materials/Originals/M_Additive.uasset" 523
"../../../../../../Users/stl/Documents/Unreal Projects/A/OctoPrototype2/Content/Resources/Hunter/ToonProjectiles/Materials/Mi_ToonProjectilesP1_10x10_Add.uasset" 524
"../../../../../../Users/stl/Documents/Unreal Projects/A/OctoPrototype2/Content/Resources/Hunter/FX/Hits/P_Hit_Bullet.uasset" 525
"../../../../../../Users/stl/Documents/Unreal Projects/A/OctoPrototype2/Content/SN/SimpleApocalypse_SN/Materials/Mat_FX_BulletFlash.uasset" 526
"../../../../../../Users/stl/Documents/Unreal Projects/A/OctoPrototype2/Content/SN/SimpleApocalypse_SN/FX/SM_FX_BulletStreak.uasset" 527
"../../../../../../Users/stl/Documents/Unreal Projects/A/OctoPrototype2/Content/Ultimate_SFX_Bundle/Warfare_SFX_Bundle/Bullet_Impacts_Flybys_Pro/Wavs/Snow/Snow_6.uasset" 528
"../../../../../../Users/stl/Documents/Unreal Projects/A/OctoPrototype2/Content/Ultimate_SFX_Bundle/Warfare_SFX_Bundle/Bullet_Impacts_Flybys_Pro/Cues/Snow/Snow_6_Cue.uasset" 529
"../../../../../../Users/stl/Documents/Unreal Projects/A/OctoPrototype2/Content/SN/Blueprints_SN/BP_Projectile_SN.uasset" 530
"../../../../../../Users/stl/Documents/Unreal Projects/A/OctoPrototype2/Content/SimpleApocalypse/Textures/Tex_SimpleApocalypse.uasset" 531
"../../../../../../Users/stl/Documents/Unreal Projects/A/OctoPrototype2/Content/SimpleApocalypse/Materials/Mat_SimpleApocalypse_Material.uasset" 532
"../../../../../../Users/stl/Documents/Unreal Projects/A/OctoPrototype2/Content/SN/UseModels_SN/SM_Wep_AssaultRifle.uasset" 533
"../../../../../../Users/stl/Documents/Unreal Projects/A/OctoPrototype2/Content/SN/Blueprints_SN/BP_Rifle_SN.uasset" 534
"../../../Engine/Content/EngineResources/AICON-Green.uasset" 535
"../../../../../../Users/stl/Documents/Unreal Projects/A/OctoPrototype2/Content/SN/Blueprints_SN/Hook/HookWidget_SN.uasset" 536
"../../../../../../Users/stl/Documents/Unreal Projects/A/OctoPrototype2/Content/SN/Blueprints_SN/Hook/HookPoint_SN.uasset" 537
"../../../../../../Users/stl/Documents/Unreal Projects/A/OctoPrototype2/Content/SimpleCartoonFX/Textures/T_Spark_Ray.uasset" 538
"../../../../../../Users/stl/Documents/Unreal Projects/A/OctoPrototype2/Content/SimpleCartoonFX/Materials/Spark_Emission_Mat.uasset" 539
"../../../../../../Users/stl/Documents/Unreal Projects/A/OctoPrototype2/Content/SimpleCartoonFX/Textures/Torch_Fire_01.uasset" 540
"../../../../../../Users/stl/Documents/Unreal Projects/A/OctoPrototype2/Content/SimpleCartoonFX/Materials/Cartoon_Distort.uasset" 541
"../../../../../../Users/stl/Documents/Unreal Projects/A/OctoPrototype2/Content/SimpleCartoonFX/Textures/T_Spark_Trail.uasset" 542
"../../../../../../Users/stl/Documents/Unreal Projects/A/OctoPrototype2/Content/SimpleCartoonFX/Materials/Spark_Trail.uasset" 543
"../../../../../../Users/stl/Documents/Unreal Projects/A/OctoPrototype2/Content/SimpleCartoonFX/Textures/Muzzle_Fire_4x1.uasset" 544
"../../../../../../Users/stl/Documents/Unreal Projects/A/OctoPrototype2/Content/SimpleCartoonFX/Textures/Muzzle_Fire_4x1_Disolve.uasset" 545
"../../../../../../Users/stl/Documents/Unreal Projects/A/OctoPrototype2/Content/SimpleCartoonFX/Materials/Muzzle_Fire_4x1_Mat.uasset" 546
"../../../../../../Users/stl/Documents/Unreal Projects/A/OctoPrototype2/Content/SimpleCartoonFX/Mesh/MS_Trail_Spark.uasset" 547
"../../../../../../Users/stl/Documents/Unreal Projects/A/OctoPrototype2/Content/Resources/Hunter/FX/Hit3.uasset" 548
"../../../../../../Users/stl/Documents/Unreal Projects/A/OctoPrototype2/Content/Resources/Hunter/Models/SM_Wep_AssaultRifle.uasset" 549
"../../../../../../Users/stl/Documents/Unreal Projects/A/OctoPrototype2/Content/Ultimate_SFX_Bundle/Warfare_SFX_Bundle/Gun_Sound_Essentials/Wavs/Assault_Rifle_Shot_06.uasset" 550
"../../../../../../Users/stl/Documents/Unreal Projects/A/OctoPrototype2/Content/Resources/Hunter/Sounds/Use_Assault_Rifle_Cue.uasset" 551
"../../../../../../Users/stl/Documents/Unreal Projects/A/OctoPrototype2/Content/OutlineMaker/ExampleContent/Blueprint_Communication/Textures/T_Crosshair_M.uasset" 552
"../../../../../../Users/stl/Documents/Unreal Projects/A/OctoPrototype2/Content/SN/Blueprints_SN/BP_NormalWidget.uasset" 553
"../../../../../../Users/stl/Documents/Unreal Projects/A/OctoPrototype2/Content/SN/UMGTextures_SN/Aim.uasset" 554
"../../../../../../Users/stl/Documents/Unreal Projects/A/OctoPrototype2/Content/SN/Blueprints_SN/BP_Widget_SN.uasset" 555
"../../../../../../Users/stl/Documents/Unreal Projects/A/OctoPrototype2/Content/SN/Blueprints_SN/BP_PlayerCharacter_SN.uasset" 556
"../../../../../../Users/stl/Documents/Unreal Projects/A/OctoPrototype2/Content/Resources/UI/TPSStart/IPInputBtn_Idle.uasset" 557
"../../../../../../Users/stl/Documents/Unreal Projects/A/OctoPrototype2/Content/Blueprints/System/Main/SubHPWidget.uasset" 558
"../../../../../../Users/stl/Documents/Unreal Projects/A/OctoPrototype2/Content/Blueprints/Public/ERoleState.uasset" 559
"../../../../../../Users/stl/Documents/Unreal Projects/A/OctoPrototype2/Content/Blueprints/System/Main/PlayerHPData.uasset" 560
"../../../../../../Users/stl/Documents/Unreal Projects/A/OctoPrototype2/Content/Resources/UI/TentakleHP/Back.uasset" 561
"../../../../../../Users/stl/Documents/Unreal Projects/A/OctoPrototype2/Content/Resources/UI/TentakleHP/Full.uasset" 562
"../../../../../../Users/stl/Documents/Unreal Projects/A/OctoPrototype2/Content/Blueprints/System/Main/MainWidget.uasset" 563
"../../../../../../Users/stl/Documents/Unreal Projects/A/OctoPrototype2/Content/Blueprints/System/Main/HunterResultWidget.uasset" 564
"../../../../../../Users/stl/Documents/Unreal Projects/A/OctoPrototype2/Content/Blueprints/System/Main/OctoResultWidget.uasset" 565
"../../../../../../Users/stl/Documents/Unreal Projects/A/OctoPrototype2/Content/Resources/UI/TPSStart/BorderBox.uasset" 566
"../../../../../../Users/stl/Documents/Unreal Projects/A/OctoPrototype2/Content/Blueprints/System/Public/LoadingWidget.uasset" 567
"../../../../../../Users/stl/Documents/Unreal Projects/A/OctoPrototype2/Content/Blueprints/System/Main/BP_MainPC.uasset" 568
"../../../../../../Users/stl/Documents/Unreal Projects/A/OctoPrototype2/Content/Blueprints/System/Main/BP_MainGS.uasset" 569
"../../../../../../Users/stl/Documents/Unreal Projects/A/OctoPrototype2/Content/Blueprints/System/Main/BP_RespawnArea.uasset" 570
"../../../../../../Users/stl/Documents/Unreal Projects/A/OctoPrototype2/Content/Blueprints/System/Main/WaterLvState.uasset" 571
"../../../../../../Users/stl/Documents/Unreal Projects/A/OctoPrototype2/Content/Blueprints/System/Main/BP_MainGM.uasset" 572
"../../../../../../Users/stl/Documents/Unreal Projects/A/OctoPrototype2/Content/Blueprints/System/Main/BP_MainPS.uasset" 573
"../../../../../../Users/stl/Documents/Unreal Projects/A/OctoPrototype2/Content/Blueprints/Octopus/MotionControllerHaptics.uasset" 574
"../../../../../../Users/stl/Documents/Unreal Projects/A/OctoPrototype2/Content/Resources/Props/Materials/M_Debug.uasset" 575
"../../../../../../Users/stl/Documents/Unreal Projects/A/OctoPrototype2/Content/SimplePropsItemsIcons/Textures/SimpleIcons/T_SimpleIcons.uasset" 576
"../../../../../../Users/stl/Documents/Unreal Projects/A/OctoPrototype2/Content/Resources/Props/Materials/M_3DButton.uasset" 577
"../../../../../../Users/stl/Documents/Unreal Projects/A/OctoPrototype2/Content/Resources/Props/Materials/MI_3DIcon.uasset" 578
"../../../Engine/Content/BasicShapes/Sphere.uasset" 579
"../../../Engine/Content/Functions/Engine_MaterialFunctions02/SupportFiles/1x1x1_Box_Pivot_-XYZ.uasset" 580
"../../../../../../Users/stl/Documents/Unreal Projects/A/OctoPrototype2/Content/2dFX_Pack/Textures/T_FB_arrow.uasset" 581
"../../../../../../Users/stl/Documents/Unreal Projects/A/OctoPrototype2/Content/2dFX_Pack/Materials/M_Sprite.uasset" 582
"../../../../../../Users/stl/Documents/Unreal Projects/A/OctoPrototype2/Content/2dFX_Pack/Textures/T_FB_puff2.uasset" 583
"../../../../../../Users/stl/Documents/Unreal Projects/A/OctoPrototype2/Content/2dFX_Pack/Materials/MI_Puff2.uasset" 584
"../../../../../../Users/stl/Documents/Unreal Projects/A/OctoPrototype2/Content/2dFX_Pack/Particles/P_Puff2.uasset" 585
"../../../../../../Users/stl/Documents/Unreal Projects/A/OctoPrototype2/Content/Blueprints/Octopus/GripEnum.uasset" 586
"../../../../../../Users/stl/Documents/Unreal Projects/A/OctoPrototype2/Content/SimplePropsItemsIcons/Materials/SimpleIcons/M_SimpleIcons.uasset" 587
"../../../../../../Users/stl/Documents/Unreal Projects/A/OctoPrototype2/Content/SimplePropsItemsIcons/Meshes/SimpleIcons/SM_TargetIcon.uasset" 588
"../../../../../../Users/stl/Documents/Unreal Projects/A/OctoPrototype2/Content/Ultimate_SFX_Bundle/Warfare_SFX_Bundle/Bullet_Impacts_Flybys_Pro/Cues/Mud/Tentacle.uasset" 589
"../../../../../../Users/stl/Documents/Unreal Projects/A/OctoPrototype2/Content/Blueprints/Octopus/BP_MotionControllerMain.uasset" 590
"../../../../../../Users/stl/Documents/Unreal Projects/A/OctoPrototype2/Content/Resources/Octopus/Textures/OctoMask.uasset" 591
"../../../../../../Users/stl/Documents/Unreal Projects/A/OctoPrototype2/Content/Resources/Octopus/Textures/OctoTexture.uasset" 592
"../../../../../../Users/stl/Documents/Unreal Projects/A/OctoPrototype2/Content/Resources/Octopus/Materials/M_Octo.uasset" 593
"../../../../../../Users/stl/Documents/Unreal Projects/A/OctoPrototype2/Content/Resources/Octopus/Materials/MI_Octo.uasset" 594
"../../../../../../Users/stl/Documents/Unreal Projects/A/OctoPrototype2/Content/Resources/Octopus/Mesh/Octo_PhysicsAsset.uasset" 595
"../../../../../../Users/stl/Documents/Unreal Projects/A/OctoPrototype2/Content/Resources/Octopus/Mesh/Octo.uasset" 596
"../../../../../../Users/stl/Documents/Unreal Projects/A/OctoPrototype2/Content/Blueprints/Octopus/BP_VRPawnMain.uasset" 597
"../../../../../../Users/stl/Documents/Unreal Projects/A/OctoPrototype2/Content/Resources/UI/TPSStart/IPInputBtn_Over.uasset" 598
"../../../../../../Users/stl/Documents/Unreal Projects/A/OctoPrototype2/Content/Resources/UI/TPSStart/IPInputBtn_Pressed.uasset" 599
"../../../../../../Users/stl/Documents/Unreal Projects/A/OctoPrototype2/Content/Blueprints/Public/NetworkSessionWidget.uasset" 600
"../../../../../../Users/stl/Documents/Unreal Projects/A/OctoPrototype2/Content/Blueprints/Public/BP_GI.uasset" 601
"../../../../../../Users/stl/Documents/Unreal Projects/A/OctoPrototype2/Content/Blueprints/System/Entry/NetworkErrorWidget.uasset" 602
"../../../../../../Users/stl/Documents/Unreal Projects/A/OctoPrototype2/Content/Blueprints/System/Entry/BP_EntryPC.uasset" 603
"../../../../../../Users/stl/Documents/Unreal Projects/A/OctoPrototype2/Content/Blueprints/System/Entry/BP_EntryGM.uasset" 604
"../../../../../../Users/stl/Documents/Unreal Projects/A/OctoPrototype2/Content/Maps/Entry.umap" 605
